epoch,acc_top5,accuracy,loss,lr,val_acc_top5,val_accuracy,val_loss
0,0.5074495077133179,0.2752091884613037,3.435685396194458,1e-05,0.7794356942176819,0.5166268348693848,2.002225399017334
1,0.6844322681427002,0.41366899013519287,2.5238752365112305,1e-05,0.8170572519302368,0.5642914175987244,1.7830047607421875
2,0.7246894836425781,0.45367589592933655,2.3030447959899902,1e-05,0.8321377038955688,0.5908178091049194,1.6723712682724
3,0.748814046382904,0.4824310541152954,2.159902572631836,1e-05,0.8404272198677063,0.6032839417457581,1.6079299449920654
4,0.7659121751785278,0.5003754496574402,2.062148094177246,1e-05,0.8492268323898315,0.6149529814720154,1.5585362911224365
5,0.7779505848884583,0.5136355757713318,1.9897377490997314,1e-05,0.855284571647644,0.6214251518249512,1.5241950750350952
6,0.7891129851341248,0.5269196033477783,1.920949935913086,1e-05,0.8577076196670532,0.6307986378669739,1.4917399883270264
7,0.797313392162323,0.5368781089782715,1.8721283674240112,1e-05,0.860832154750824,0.6362506151199341,1.4697366952896118
8,0.804357647895813,0.5479987859725952,1.820970892906189,1e-05,0.8636059165000916,0.6401402950286865,1.4551997184753418
9,0.8111993074417114,0.5556926131248474,1.775604009628296,1e-05,0.8662840723991394,0.6448588967323303,1.4337772130966187
10,0.817141056060791,0.5640062689781189,1.737579584121704,1e-05,0.8688346743583679,0.6453052759170532,1.4205883741378784
11,0.8239529132843018,0.5707823634147644,1.7011502981185913,1e-05,0.871002733707428,0.6509485244750977,1.4093714952468872
12,0.8278743028640747,0.5764857530593872,1.6670124530792236,1e-05,0.8728200197219849,0.6512354612350464,1.3944705724716187
13,0.8311759233474731,0.5821294784545898,1.6425801515579224,1e-05,0.8737446069717407,0.6545512676239014,1.3924574851989746
14,0.8365277051925659,0.5875646471977234,1.6150593757629395,1e-05,0.8756894469261169,0.6587597727775574,1.3738629817962646
15,0.8413132429122925,0.592892587184906,1.583486557006836,1e-05,0.8755938410758972,0.658632218837738,1.3679026365280151
16,0.844090461730957,0.599168062210083,1.5617601871490479,1e-05,0.8784313797950745,0.6618523597717285,1.3598326444625854
17,0.847672164440155,0.6041979789733887,1.5356991291046143,1e-05,0.8773473501205444,0.663701593875885,1.3537935018539429
18,0.8510751128196716,0.6081551313400269,1.513014316558838,1e-05,0.8790052533149719,0.6662521958351135,1.34548020362854
19,0.8553958535194397,0.6136499047279358,1.486043930053711,1e-05,0.8791009187698364,0.6699824929237366,1.336208701133728
20,0.8572731018066406,0.6192340850830078,1.4679285287857056,1e-05,0.8806312680244446,0.6697273850440979,1.332507848739624
21,0.8622732162475586,0.6223688125610352,1.4468064308166504,1e-05,0.8804718852043152,0.671225905418396,1.3295453786849976
22,0.8643352389335632,0.623620331287384,1.4315259456634521,1e-05,0.881396472454071,0.6728838086128235,1.3240827322006226
23,0.8671243786811829,0.6301401853561401,1.4088071584701538,1e-05,0.8829905986785889,0.6713533997535706,1.3275827169418335
24,0.8682447671890259,0.6326611042022705,1.3923470973968506,1e-05,0.8826717734336853,0.6730750799179077,1.3168803453445435
25,0.8714867830276489,0.6378816962242126,1.3710330724716187,1e-05,0.8828949332237244,0.673872172832489,1.318595290184021
26,0.8742520809173584,0.6405754685401917,1.3571778535842896,1e-05,0.884712278842926,0.6779531240463257,1.3131673336029053
27,0.8767074346542358,0.6447948813438416,1.3406285047531128,1e-05,0.8839470744132996,0.6751793622970581,1.3139009475708008
28,0.8795143961906433,0.6485494375228882,1.3243833780288696,1e-05,0.886274516582489,0.677666187286377,1.3060338497161865
29,0.8809685707092285,0.6503313779830933,1.3098262548446655,1e-05,0.8855412006378174,0.6774749159812927,1.3074108362197876
30,0.8837457299232483,0.6551288366317749,1.2919971942901611,1e-05,0.8852861523628235,0.6795472502708435,1.3066540956497192
31,0.8861891627311707,0.6585198640823364,1.2751548290252686,1e-05,0.8859875798225403,0.677666187286377,1.3064337968826294
32,0.888775646686554,0.6627750396728516,1.2578296661376953,1e-05,0.8856687545776367,0.6796748042106628,1.304177165031433
33,0.8903430104255676,0.6659812927246094,1.2449928522109985,1e-05,0.8869759440422058,0.6803762316703796,1.305539608001709
34,0.8916422128677368,0.6679539680480957,1.2363039255142212,1e-05,0.8872947692871094,0.6813008189201355,1.3046084642410278
35,0.8931500315666199,0.6704689264297485,1.2229154109954834,1e-05,0.8869121670722961,0.6800255179405212,1.3050880432128906
36,0.8950570821762085,0.6718634366989136,1.214469313621521,1e-05,0.8881236910820007,0.6826398968696594,1.2992550134658813
37,0.8972323536872864,0.6753557920455933,1.1965625286102295,1e-05,0.8887932300567627,0.6830543875694275,1.3008445501327515
38,0.8985017538070679,0.6776800155639648,1.185012936592102,1e-05,0.888729453086853,0.6843615770339966,1.3013758659362793
39,0.9011001586914062,0.682596743106842,1.1700563430786133,1e-05,0.8887613415718079,0.683436930179596,1.2940807342529297
40,0.9027450084686279,0.6833238005638123,1.164223074913025,1e-05,0.8895584344863892,0.6839470863342285,1.3023688793182373
41,0.9040799736976624,0.6862022876739502,1.1479629278182983,1e-05,0.8884106278419495,0.6844571828842163,1.3060805797576904
42,0.9050871133804321,0.6876087784767151,1.1408103704452515,1e-05,0.8899410367012024,0.683436930179596,1.302511215209961
43,0.9064041972160339,0.6912977695465088,1.125788927078247,1e-05,0.8901960849761963,0.683628261089325,1.3035287857055664
44,0.9091575741767883,0.6952847242355347,1.111977219581604,1e-05,0.8893352746963501,0.683851420879364,1.3082319498062134
45,0.9093601703643799,0.6959879994392395,1.105305552482605,1e-05,0.8899091482162476,0.6868802905082703,1.2971898317337036
46,0.9112672805786133,0.6977877616882324,1.0939692258834839,1e-05,0.8896222114562988,0.68805992603302,1.3032619953155518
47,0.9138596653938293,0.702609121799469,1.080688714981079,1e-05,0.8887932300567627,0.6879005432128906,1.3059141635894775
48,0.9139431118965149,0.7020071744918823,1.0773448944091797,1e-05,0.8903236389160156,0.6858600378036499,1.305912971496582
49,0.9157488942146301,0.7054637670516968,1.0623801946640015,1e-05,0.8883150219917297,0.683436930179596,1.3166111707687378
50,0.9162793159484863,0.7056783437728882,1.0587037801742554,1e-05,0.8879643082618713,0.6841383576393127,1.3174463510513306
51,0.9183771014213562,0.710082471370697,1.0425524711608887,1e-05,0.8905786871910095,0.6838833093643188,1.3100078105926514
52,0.9196584224700928,0.7114949226379395,1.0360113382339478,1e-05,0.8885381817817688,0.6866889595985413,1.3181954622268677
53,0.9209933280944824,0.7143197655677795,1.0252034664154053,1e-05,0.8900047540664673,0.6855093240737915,1.3186215162277222
54,0.9207072854042053,0.7157083749771118,1.0189648866653442,1e-05,0.888729453086853,0.6869759559631348,1.316291332244873
55,0.9228229522705078,0.7195404171943665,1.0038535594940186,1e-05,0.890068531036377,0.6879961490631104,1.3120970726013184
56,0.9240089058876038,0.7202197909355164,0.9985435009002686,1e-05,0.8903873562812805,0.6878048777580261,1.3202126026153564
